c:\users\matia\onedrive\documentos\programacion\tetrisjuego\x64\debug\vc143.pdb
c:\users\matia\onedrive\documentos\programacion\tetrisjuego\x64\debug\vc143.idb
c:\users\matia\onedrive\documentos\programacion\tetrisjuego\x64\debug\reglas.obj
c:\users\matia\onedrive\documentos\programacion\tetrisjuego\x64\debug\main.obj
c:\users\matia\onedrive\documentos\programacion\tetrisjuego\x64\debug\interfaz_al.obj
c:\users\matia\onedrive\documentos\programacion\tetrisjuego\x64\debug\inicializacion_al.obj
c:\users\matia\onedrive\documentos\programacion\tetrisjuego\x64\debug\menu_al.obj
c:\users\matia\onedrive\documentos\programacion\tetrisjuego\x64\debug\game_sel_al.obj
c:\users\matia\onedrive\documentos\programacion\tetrisjuego\x64\debug\game_al.obj
c:\users\matia\onedrive\documentos\programacion\tetrisjuego\x64\debug\botones.obj
c:\users\matia\onedrive\documentos\programacion\tetrisjuego\x64\debug\nativecodeanalysis.read.1.tlog
c:\users\matia\onedrive\documentos\programacion\tetrisjuego\x64\debug\tetrisjuego.pdb
c:\users\matia\onedrive\documentos\programacion\tetrisjuego\x64\debug\main.nativecodeanalysis.xml
c:\users\matia\onedrive\documentos\programacion\tetrisjuego\x64\debug\vc.nativecodeanalysis.all.xml
c:\users\matia\onedrive\documentos\programacion\tetrisjuego\x64\debug\tetrisjuego.tlog\cl.command.1.tlog
c:\users\matia\onedrive\documentos\programacion\tetrisjuego\x64\debug\tetrisjuego.tlog\cl.read.1.tlog
c:\users\matia\onedrive\documentos\programacion\tetrisjuego\x64\debug\tetrisjuego.tlog\cl.write.1.tlog
c:\users\matia\onedrive\documentos\programacion\tetrisjuego\x64\debug\tetrisjuego.tlog\link-cvtres.read.1.tlog
c:\users\matia\onedrive\documentos\programacion\tetrisjuego\x64\debug\tetrisjuego.tlog\link-cvtres.write.1.tlog
c:\users\matia\onedrive\documentos\programacion\tetrisjuego\x64\debug\tetrisjuego.tlog\link-rc.read.1.tlog
c:\users\matia\onedrive\documentos\programacion\tetrisjuego\x64\debug\tetrisjuego.tlog\link-rc.write.1.tlog
c:\users\matia\onedrive\documentos\programacion\tetrisjuego\x64\debug\tetrisjuego.tlog\link.command.1.tlog
c:\users\matia\onedrive\documentos\programacion\tetrisjuego\x64\debug\tetrisjuego.tlog\link.read.1.tlog
c:\users\matia\onedrive\documentos\programacion\tetrisjuego\x64\debug\tetrisjuego.tlog\link.read.2.tlog
c:\users\matia\onedrive\documentos\programacion\tetrisjuego\x64\debug\tetrisjuego.tlog\link.read.3.tlog
c:\users\matia\onedrive\documentos\programacion\tetrisjuego\x64\debug\tetrisjuego.tlog\link.write.1.tlog
